  Animation.cpp
C:\Git\Spaceship\Spaceship\Animation.cpp(16,31): warning C4244: 'argument': conversion from 'int' to 'float', possible loss of data
C:\Git\Spaceship\Spaceship\Animation.cpp(16,24): warning C4244: 'argument': conversion from 'int' to 'float', possible loss of data
  Area.cpp
  Asteroid.cpp
C:\Git\Spaceship\Spaceship\Asteroid.cpp(6,21): warning C4244: '=': conversion from 'int' to 'float', possible loss of data
C:\Git\Spaceship\Spaceship\Asteroid.cpp(7,21): warning C4244: '=': conversion from 'int' to 'float', possible loss of data
  Entity.cpp
C:\Git\Spaceship\Spaceship\Entity.cpp(11,9): warning C4244: '=': conversion from 'int' to 'float', possible loss of data
C:\Git\Spaceship\Spaceship\Entity.cpp(12,9): warning C4244: '=': conversion from 'int' to 'float', possible loss of data
C:\Git\Spaceship\Spaceship\Entity.cpp(14,9): warning C4244: '=': conversion from 'int' to 'float', possible loss of data
  Fire.cpp
  MainApp.cpp
C:\Git\Spaceship\Spaceship\MainApp.cpp(54,15): warning C4244: 'argument': conversion from 'time_t' to 'unsigned int', possible loss of data
C:\Git\Spaceship\Spaceship\MainApp.cpp(87,46): warning C4305: 'argument': truncation from 'double' to 'float'
C:\Git\Spaceship\Spaceship\MainApp.cpp(88,52): warning C4305: 'argument': truncation from 'double' to 'float'
C:\Git\Spaceship\Spaceship\MainApp.cpp(89,46): warning C4305: 'argument': truncation from 'double' to 'float'
C:\Git\Spaceship\Spaceship\MainApp.cpp(129,60): warning C4244: 'argument': conversion from 'float' to 'int', possible loss of data
C:\Git\Spaceship\Spaceship\MainApp.cpp(129,49): warning C4244: 'argument': conversion from 'float' to 'int', possible loss of data
C:\Git\Spaceship\Spaceship\MainApp.cpp(156,65): warning C4244: 'argument': conversion from 'float' to 'int', possible loss of data
C:\Git\Spaceship\Spaceship\MainApp.cpp(156,59): warning C4244: 'argument': conversion from 'float' to 'int', possible loss of data
C:\Git\Spaceship\Spaceship\MainApp.cpp(165,82): warning C4244: 'argument': conversion from 'int' to 'float', possible loss of data
C:\Git\Spaceship\Spaceship\MainApp.cpp(165,70): warning C4244: 'argument': conversion from 'float' to 'int', possible loss of data
C:\Git\Spaceship\Spaceship\MainApp.cpp(165,64): warning C4244: 'argument': conversion from 'float' to 'int', possible loss of data
C:\Git\Spaceship\Spaceship\MainApp.cpp(177,70): warning C4244: 'argument': conversion from 'float' to 'int', possible loss of data
C:\Git\Spaceship\Spaceship\MainApp.cpp(177,64): warning C4244: 'argument': conversion from 'float' to 'int', possible loss of data
C:\Git\Spaceship\Spaceship\MainApp.cpp(230,71): warning C4244: 'argument': conversion from 'int' to 'float', possible loss of data
  Player.cpp
C:\Git\Spaceship\Spaceship\Player.cpp(13,51): warning C4244: '+=': conversion from 'double' to 'float', possible loss of data
C:\Git\Spaceship\Spaceship\Player.cpp(14,51): warning C4244: '+=': conversion from 'double' to 'float', possible loss of data
C:\Git\Spaceship\Spaceship\Player.cpp(18,19): warning C4305: '*=': truncation from 'double' to 'float'
C:\Git\Spaceship\Spaceship\Player.cpp(19,19): warning C4305: '*=': truncation from 'double' to 'float'
  Generating code
  Previous IPDB not found, fall back to full compilation.
  All 322 functions were compiled because no usable IPDB/IOBJ from previous compilation was found.
  Finished generating code
  Spaceship.vcxproj -> C:\Git\Spaceship\Release\Spaceship.exe
